Files already downloaded and verified
Files already downloaded and verified
Starting Mixup Training on CIFAR-100 with ResNet34 (pretrained=False)...
Epoch 1/200 | Train Loss: 4.5932 | Train Acc: 0.0186 | Val Acc: 0.0364 | ECE: 0.0061 | Adaptive ECE: 0.0073 | OE: 0.0000
Epoch 2/200 | Train Loss: 4.2754 | Train Acc: 0.0477 | Val Acc: 0.0738 | ECE: 0.0134 | Adaptive ECE: 0.0166 | OE: 0.0031
Epoch 3/200 | Train Loss: 4.0796 | Train Acc: 0.0832 | Val Acc: 0.1366 | ECE: 0.0334 | Adaptive ECE: 0.0266 | OE: 0.0016
Epoch 4/200 | Train Loss: 3.8827 | Train Acc: 0.1229 | Val Acc: 0.1760 | ECE: 0.0164 | Adaptive ECE: 0.0172 | OE: 0.0045
Epoch 5/200 | Train Loss: 3.6593 | Train Acc: 0.1666 | Val Acc: 0.2236 | ECE: 0.0223 | Adaptive ECE: 0.0320 | OE: 0.0088
Epoch 6/200 | Train Loss: 3.4776 | Train Acc: 0.2101 | Val Acc: 0.2868 | ECE: 0.0735 | Adaptive ECE: 0.0735 | OE: 0.0000
Epoch 7/200 | Train Loss: 3.3023 | Train Acc: 0.2482 | Val Acc: 0.3812 | ECE: 0.1140 | Adaptive ECE: 0.1140 | OE: 0.0000
Epoch 8/200 | Train Loss: 3.1547 | Train Acc: 0.2810 | Val Acc: 0.4020 | ECE: 0.0766 | Adaptive ECE: 0.0785 | OE: 0.0001
Epoch 9/200 | Train Loss: 3.0020 | Train Acc: 0.3182 | Val Acc: 0.4630 | ECE: 0.0874 | Adaptive ECE: 0.0874 | OE: 0.0000
Epoch 10/200 | Train Loss: 2.9938 | Train Acc: 0.3232 | Val Acc: 0.4492 | ECE: 0.0944 | Adaptive ECE: 0.0944 | OE: 0.0000
Epoch 11/200 | Train Loss: 2.8760 | Train Acc: 0.3532 | Val Acc: 0.4358 | ECE: 0.0860 | Adaptive ECE: 0.0860 | OE: 0.0000
Epoch 12/200 | Train Loss: 2.8770 | Train Acc: 0.3522 | Val Acc: 0.4416 | ECE: 0.0858 | Adaptive ECE: 0.0846 | OE: 0.0002
Epoch 13/200 | Train Loss: 2.8044 | Train Acc: 0.3732 | Val Acc: 0.4710 | ECE: 0.0655 | Adaptive ECE: 0.0657 | OE: 0.0000
Epoch 14/200 | Train Loss: 2.7869 | Train Acc: 0.3777 | Val Acc: 0.4556 | ECE: 0.0727 | Adaptive ECE: 0.0726 | OE: 0.0000
Epoch 15/200 | Train Loss: 2.7611 | Train Acc: 0.3834 | Val Acc: 0.4714 | ECE: 0.0786 | Adaptive ECE: 0.0784 | OE: 0.0000
Epoch 16/200 | Train Loss: 2.7369 | Train Acc: 0.3915 | Val Acc: 0.5034 | ECE: 0.1100 | Adaptive ECE: 0.1100 | OE: 0.0000
Epoch 17/200 | Train Loss: 2.7167 | Train Acc: 0.3949 | Val Acc: 0.5180 | ECE: 0.0714 | Adaptive ECE: 0.0714 | OE: 0.0000
Epoch 18/200 | Train Loss: 2.7271 | Train Acc: 0.3949 | Val Acc: 0.4804 | ECE: 0.0482 | Adaptive ECE: 0.0470 | OE: 0.0004
Epoch 19/200 | Train Loss: 2.7154 | Train Acc: 0.3973 | Val Acc: 0.4994 | ECE: 0.0693 | Adaptive ECE: 0.0693 | OE: 0.0000
Epoch 20/200 | Train Loss: 2.6650 | Train Acc: 0.4109 | Val Acc: 0.5154 | ECE: 0.0694 | Adaptive ECE: 0.0691 | OE: 0.0000
Epoch 21/200 | Train Loss: 2.6624 | Train Acc: 0.4092 | Val Acc: 0.4646 | ECE: 0.0537 | Adaptive ECE: 0.0535 | OE: 0.0000
Epoch 22/200 | Train Loss: 2.5746 | Train Acc: 0.4273 | Val Acc: 0.5460 | ECE: 0.0526 | Adaptive ECE: 0.0527 | OE: 0.0000
Epoch 23/200 | Train Loss: 2.6044 | Train Acc: 0.4256 | Val Acc: 0.5414 | ECE: 0.1101 | Adaptive ECE: 0.1101 | OE: 0.0000
Epoch 24/200 | Train Loss: 2.6313 | Train Acc: 0.4194 | Val Acc: 0.5350 | ECE: 0.1675 | Adaptive ECE: 0.1675 | OE: 0.0000
Epoch 25/200 | Train Loss: 2.5822 | Train Acc: 0.4300 | Val Acc: 0.5246 | ECE: 0.1173 | Adaptive ECE: 0.1173 | OE: 0.0000
Epoch 26/200 | Train Loss: 2.6131 | Train Acc: 0.4218 | Val Acc: 0.5518 | ECE: 0.0920 | Adaptive ECE: 0.0920 | OE: 0.0000
Epoch 27/200 | Train Loss: 2.5590 | Train Acc: 0.4373 | Val Acc: 0.5276 | ECE: 0.1235 | Adaptive ECE: 0.1234 | OE: 0.0000
Epoch 28/200 | Train Loss: 2.5333 | Train Acc: 0.4442 | Val Acc: 0.5370 | ECE: 0.0869 | Adaptive ECE: 0.0869 | OE: 0.0000
Epoch 29/200 | Train Loss: 2.6267 | Train Acc: 0.4182 | Val Acc: 0.5334 | ECE: 0.0805 | Adaptive ECE: 0.0805 | OE: 0.0000
Epoch 30/200 | Train Loss: 2.5470 | Train Acc: 0.4400 | Val Acc: 0.5748 | ECE: 0.1175 | Adaptive ECE: 0.1175 | OE: 0.0000
Epoch 31/200 | Train Loss: 2.5453 | Train Acc: 0.4392 | Val Acc: 0.5396 | ECE: 0.0968 | Adaptive ECE: 0.0962 | OE: 0.0000
Epoch 32/200 | Train Loss: 2.5275 | Train Acc: 0.4444 | Val Acc: 0.4676 | ECE: 0.0314 | Adaptive ECE: 0.0344 | OE: 0.0003
Epoch 33/200 | Train Loss: 2.5158 | Train Acc: 0.4462 | Val Acc: 0.5552 | ECE: 0.0710 | Adaptive ECE: 0.0710 | OE: 0.0000
Epoch 34/200 | Train Loss: 2.4774 | Train Acc: 0.4547 | Val Acc: 0.5476 | ECE: 0.0994 | Adaptive ECE: 0.0994 | OE: 0.0000
Epoch 35/200 | Train Loss: 2.5158 | Train Acc: 0.4443 | Val Acc: 0.5230 | ECE: 0.1136 | Adaptive ECE: 0.1136 | OE: 0.0000
Epoch 36/200 | Train Loss: 2.5711 | Train Acc: 0.4339 | Val Acc: 0.5598 | ECE: 0.1066 | Adaptive ECE: 0.1066 | OE: 0.0000
Epoch 37/200 | Train Loss: 2.4909 | Train Acc: 0.4526 | Val Acc: 0.5750 | ECE: 0.0946 | Adaptive ECE: 0.0946 | OE: 0.0000
Epoch 38/200 | Train Loss: 2.5181 | Train Acc: 0.4472 | Val Acc: 0.5792 | ECE: 0.1138 | Adaptive ECE: 0.1136 | OE: 0.0000
Epoch 39/200 | Train Loss: 2.4469 | Train Acc: 0.4612 | Val Acc: 0.5880 | ECE: 0.0994 | Adaptive ECE: 0.0994 | OE: 0.0000
Epoch 40/200 | Train Loss: 2.5181 | Train Acc: 0.4484 | Val Acc: 0.5738 | ECE: 0.0855 | Adaptive ECE: 0.0853 | OE: 0.0000
Epoch 41/200 | Train Loss: 2.4734 | Train Acc: 0.4573 | Val Acc: 0.6006 | ECE: 0.1177 | Adaptive ECE: 0.1177 | OE: 0.0000
Epoch 42/200 | Train Loss: 2.4932 | Train Acc: 0.4557 | Val Acc: 0.5630 | ECE: 0.0932 | Adaptive ECE: 0.0931 | OE: 0.0000
Epoch 43/200 | Train Loss: 2.5234 | Train Acc: 0.4480 | Val Acc: 0.5864 | ECE: 0.0857 | Adaptive ECE: 0.0857 | OE: 0.0000
Epoch 44/200 | Train Loss: 2.4432 | Train Acc: 0.4656 | Val Acc: 0.5796 | ECE: 0.1284 | Adaptive ECE: 0.1284 | OE: 0.0000
Epoch 45/200 | Train Loss: 2.4798 | Train Acc: 0.4553 | Val Acc: 0.5774 | ECE: 0.0938 | Adaptive ECE: 0.0936 | OE: 0.0000
Epoch 46/200 | Train Loss: 2.4898 | Train Acc: 0.4544 | Val Acc: 0.5640 | ECE: 0.0638 | Adaptive ECE: 0.0635 | OE: 0.0000
Epoch 47/200 | Train Loss: 2.5335 | Train Acc: 0.4445 | Val Acc: 0.5534 | ECE: 0.0951 | Adaptive ECE: 0.0951 | OE: 0.0000
Epoch 48/200 | Train Loss: 2.4672 | Train Acc: 0.4593 | Val Acc: 0.5514 | ECE: 0.1008 | Adaptive ECE: 0.1008 | OE: 0.0000
Epoch 49/200 | Train Loss: 2.5162 | Train Acc: 0.4503 | Val Acc: 0.5288 | ECE: 0.0826 | Adaptive ECE: 0.0822 | OE: 0.0000
Epoch 50/200 | Train Loss: 2.4915 | Train Acc: 0.4540 | Val Acc: 0.5218 | ECE: 0.0745 | Adaptive ECE: 0.0732 | OE: 0.0005
Epoch 51/200 | Train Loss: 2.4543 | Train Acc: 0.4643 | Val Acc: 0.5998 | ECE: 0.0576 | Adaptive ECE: 0.0576 | OE: 0.0000
Epoch 52/200 | Train Loss: 2.4770 | Train Acc: 0.4592 | Val Acc: 0.5456 | ECE: 0.0943 | Adaptive ECE: 0.0943 | OE: 0.0000
Epoch 53/200 | Train Loss: 2.4861 | Train Acc: 0.4567 | Val Acc: 0.5822 | ECE: 0.0824 | Adaptive ECE: 0.0822 | OE: 0.0000
Epoch 54/200 | Train Loss: 2.4822 | Train Acc: 0.4573 | Val Acc: 0.5772 | ECE: 0.1074 | Adaptive ECE: 0.1074 | OE: 0.0000
Epoch 55/200 | Train Loss: 2.5097 | Train Acc: 0.4518 | Val Acc: 0.5774 | ECE: 0.1388 | Adaptive ECE: 0.1385 | OE: 0.0000
Epoch 56/200 | Train Loss: 2.4680 | Train Acc: 0.4593 | Val Acc: 0.5856 | ECE: 0.0654 | Adaptive ECE: 0.0654 | OE: 0.0000
Epoch 57/200 | Train Loss: 2.4150 | Train Acc: 0.4724 | Val Acc: 0.5626 | ECE: 0.0849 | Adaptive ECE: 0.0847 | OE: 0.0000
Epoch 58/200 | Train Loss: 2.4901 | Train Acc: 0.4548 | Val Acc: 0.5918 | ECE: 0.1044 | Adaptive ECE: 0.1042 | OE: 0.0000
Epoch 59/200 | Train Loss: 2.4377 | Train Acc: 0.4691 | Val Acc: 0.5756 | ECE: 0.1179 | Adaptive ECE: 0.1179 | OE: 0.0000
Epoch 60/200 | Train Loss: 2.5044 | Train Acc: 0.4534 | Val Acc: 0.5898 | ECE: 0.1711 | Adaptive ECE: 0.1710 | OE: 0.0001
Epoch 61/200 | Train Loss: 2.2592 | Train Acc: 0.5129 | Val Acc: 0.6742 | ECE: 0.0803 | Adaptive ECE: 0.0803 | OE: 0.0000
Epoch 62/200 | Train Loss: 2.2395 | Train Acc: 0.5190 | Val Acc: 0.6624 | ECE: 0.1230 | Adaptive ECE: 0.1229 | OE: 0.0000
Epoch 63/200 | Train Loss: 2.2737 | Train Acc: 0.5078 | Val Acc: 0.6304 | ECE: 0.1411 | Adaptive ECE: 0.1410 | OE: 0.0000
Epoch 64/200 | Train Loss: 2.2656 | Train Acc: 0.5094 | Val Acc: 0.6638 | ECE: 0.1579 | Adaptive ECE: 0.1579 | OE: 0.0000
Epoch 65/200 | Train Loss: 2.1965 | Train Acc: 0.5295 | Val Acc: 0.6602 | ECE: 0.1330 | Adaptive ECE: 0.1329 | OE: 0.0000
Epoch 66/200 | Train Loss: 2.2744 | Train Acc: 0.5094 | Val Acc: 0.6524 | ECE: 0.1358 | Adaptive ECE: 0.1358 | OE: 0.0000
Epoch 67/200 | Train Loss: 2.1864 | Train Acc: 0.5301 | Val Acc: 0.6462 | ECE: 0.1038 | Adaptive ECE: 0.1037 | OE: 0.0000
Epoch 68/200 | Train Loss: 2.2364 | Train Acc: 0.5216 | Val Acc: 0.6540 | ECE: 0.1321 | Adaptive ECE: 0.1320 | OE: 0.0000
Epoch 69/200 | Train Loss: 2.2910 | Train Acc: 0.5040 | Val Acc: 0.6540 | ECE: 0.1150 | Adaptive ECE: 0.1150 | OE: 0.0000
Epoch 70/200 | Train Loss: 2.2013 | Train Acc: 0.5301 | Val Acc: 0.6518 | ECE: 0.1222 | Adaptive ECE: 0.1221 | OE: 0.0000
Epoch 71/200 | Train Loss: 2.2045 | Train Acc: 0.5261 | Val Acc: 0.6384 | ECE: 0.1229 | Adaptive ECE: 0.1227 | OE: 0.0000
Epoch 72/200 | Train Loss: 2.2368 | Train Acc: 0.5200 | Val Acc: 0.6278 | ECE: 0.1547 | Adaptive ECE: 0.1547 | OE: 0.0000
Epoch 73/200 | Train Loss: 2.2262 | Train Acc: 0.5209 | Val Acc: 0.6474 | ECE: 0.1253 | Adaptive ECE: 0.1230 | OE: 0.0011
Epoch 74/200 | Train Loss: 2.2190 | Train Acc: 0.5191 | Val Acc: 0.6522 | ECE: 0.0759 | Adaptive ECE: 0.0759 | OE: 0.0000
Epoch 75/200 | Train Loss: 2.2465 | Train Acc: 0.5163 | Val Acc: 0.6498 | ECE: 0.0989 | Adaptive ECE: 0.0981 | OE: 0.0000
Epoch 76/200 | Train Loss: 2.2416 | Train Acc: 0.5176 | Val Acc: 0.6446 | ECE: 0.1347 | Adaptive ECE: 0.1346 | OE: 0.0000
Epoch 77/200 | Train Loss: 2.2174 | Train Acc: 0.5196 | Val Acc: 0.6640 | ECE: 0.0955 | Adaptive ECE: 0.0955 | OE: 0.0000
Epoch 78/200 | Train Loss: 2.1772 | Train Acc: 0.5327 | Val Acc: 0.6394 | ECE: 0.1274 | Adaptive ECE: 0.1273 | OE: 0.0000
Epoch 79/200 | Train Loss: 2.1840 | Train Acc: 0.5337 | Val Acc: 0.6566 | ECE: 0.0467 | Adaptive ECE: 0.0467 | OE: 0.0001
Epoch 80/200 | Train Loss: 2.2023 | Train Acc: 0.5225 | Val Acc: 0.6602 | ECE: 0.0793 | Adaptive ECE: 0.0793 | OE: 0.0000
Epoch 81/200 | Train Loss: 2.2198 | Train Acc: 0.5241 | Val Acc: 0.6498 | ECE: 0.1062 | Adaptive ECE: 0.1061 | OE: 0.0000
Epoch 82/200 | Train Loss: 2.2222 | Train Acc: 0.5221 | Val Acc: 0.6704 | ECE: 0.1315 | Adaptive ECE: 0.1315 | OE: 0.0000
Epoch 83/200 | Train Loss: 2.1746 | Train Acc: 0.5341 | Val Acc: 0.6330 | ECE: 0.1083 | Adaptive ECE: 0.1082 | OE: 0.0000
Epoch 84/200 | Train Loss: 2.2135 | Train Acc: 0.5254 | Val Acc: 0.6744 | ECE: 0.1042 | Adaptive ECE: 0.1041 | OE: 0.0000
Epoch 85/200 | Train Loss: 2.1782 | Train Acc: 0.5293 | Val Acc: 0.6498 | ECE: 0.0815 | Adaptive ECE: 0.0815 | OE: 0.0000
Epoch 86/200 | Train Loss: 2.2026 | Train Acc: 0.5252 | Val Acc: 0.6596 | ECE: 0.0963 | Adaptive ECE: 0.0960 | OE: 0.0000
Epoch 87/200 | Train Loss: 2.1628 | Train Acc: 0.5375 | Val Acc: 0.6460 | ECE: 0.0898 | Adaptive ECE: 0.0897 | OE: 0.0000
Epoch 88/200 | Train Loss: 2.1331 | Train Acc: 0.5420 | Val Acc: 0.6520 | ECE: 0.1007 | Adaptive ECE: 0.0966 | OE: 0.0004
Epoch 89/200 | Train Loss: 2.1340 | Train Acc: 0.5435 | Val Acc: 0.6694 | ECE: 0.1001 | Adaptive ECE: 0.0998 | OE: 0.0001
Epoch 90/200 | Train Loss: 2.1887 | Train Acc: 0.5293 | Val Acc: 0.6592 | ECE: 0.0811 | Adaptive ECE: 0.0811 | OE: 0.0000
Epoch 91/200 | Train Loss: 2.1698 | Train Acc: 0.5324 | Val Acc: 0.6556 | ECE: 0.1068 | Adaptive ECE: 0.1068 | OE: 0.0000
Epoch 92/200 | Train Loss: 2.1907 | Train Acc: 0.5295 | Val Acc: 0.6364 | ECE: 0.0883 | Adaptive ECE: 0.0879 | OE: 0.0000
Epoch 93/200 | Train Loss: 2.1308 | Train Acc: 0.5443 | Val Acc: 0.6556 | ECE: 0.0853 | Adaptive ECE: 0.0843 | OE: 0.0001
Epoch 94/200 | Train Loss: 2.2065 | Train Acc: 0.5261 | Val Acc: 0.6518 | ECE: 0.0868 | Adaptive ECE: 0.0867 | OE: 0.0000
Epoch 95/200 | Train Loss: 2.1382 | Train Acc: 0.5411 | Val Acc: 0.6492 | ECE: 0.0573 | Adaptive ECE: 0.0561 | OE: 0.0004
Epoch 96/200 | Train Loss: 2.1305 | Train Acc: 0.5438 | Val Acc: 0.6464 | ECE: 0.0997 | Adaptive ECE: 0.0996 | OE: 0.0000
Epoch 97/200 | Train Loss: 2.1881 | Train Acc: 0.5309 | Val Acc: 0.6600 | ECE: 0.1145 | Adaptive ECE: 0.1145 | OE: 0.0000
Epoch 98/200 | Train Loss: 2.1814 | Train Acc: 0.5337 | Val Acc: 0.6400 | ECE: 0.1108 | Adaptive ECE: 0.1107 | OE: 0.0000
Epoch 99/200 | Train Loss: 2.1581 | Train Acc: 0.5378 | Val Acc: 0.6596 | ECE: 0.1183 | Adaptive ECE: 0.1183 | OE: 0.0000
Epoch 100/200 | Train Loss: 2.1518 | Train Acc: 0.5403 | Val Acc: 0.6488 | ECE: 0.0918 | Adaptive ECE: 0.0917 | OE: 0.0000
Epoch 101/200 | Train Loss: 2.1563 | Train Acc: 0.5373 | Val Acc: 0.6684 | ECE: 0.1134 | Adaptive ECE: 0.1134 | OE: 0.0000
Epoch 102/200 | Train Loss: 2.1565 | Train Acc: 0.5364 | Val Acc: 0.6404 | ECE: 0.1281 | Adaptive ECE: 0.1280 | OE: 0.0000
Epoch 103/200 | Train Loss: 2.1910 | Train Acc: 0.5304 | Val Acc: 0.6776 | ECE: 0.1090 | Adaptive ECE: 0.1090 | OE: 0.0000
Epoch 104/200 | Train Loss: 2.1535 | Train Acc: 0.5370 | Val Acc: 0.6674 | ECE: 0.0918 | Adaptive ECE: 0.0917 | OE: 0.0000
Epoch 105/200 | Train Loss: 2.1791 | Train Acc: 0.5327 | Val Acc: 0.6766 | ECE: 0.1430 | Adaptive ECE: 0.1430 | OE: 0.0000
Epoch 106/200 | Train Loss: 2.0633 | Train Acc: 0.5618 | Val Acc: 0.6432 | ECE: 0.0821 | Adaptive ECE: 0.0814 | OE: 0.0003
Epoch 107/200 | Train Loss: 2.1951 | Train Acc: 0.5303 | Val Acc: 0.6736 | ECE: 0.0928 | Adaptive ECE: 0.0927 | OE: 0.0000
Epoch 108/200 | Train Loss: 2.1393 | Train Acc: 0.5414 | Val Acc: 0.6506 | ECE: 0.1006 | Adaptive ECE: 0.1006 | OE: 0.0000
Epoch 109/200 | Train Loss: 2.1917 | Train Acc: 0.5251 | Val Acc: 0.6458 | ECE: 0.0794 | Adaptive ECE: 0.0792 | OE: 0.0000
Epoch 110/200 | Train Loss: 2.1676 | Train Acc: 0.5360 | Val Acc: 0.6764 | ECE: 0.1270 | Adaptive ECE: 0.1268 | OE: 0.0000
Epoch 111/200 | Train Loss: 2.1076 | Train Acc: 0.5487 | Val Acc: 0.6484 | ECE: 0.0703 | Adaptive ECE: 0.0703 | OE: 0.0000
Epoch 112/200 | Train Loss: 2.1139 | Train Acc: 0.5498 | Val Acc: 0.6670 | ECE: 0.0908 | Adaptive ECE: 0.0908 | OE: 0.0000
Epoch 113/200 | Train Loss: 2.1151 | Train Acc: 0.5457 | Val Acc: 0.6584 | ECE: 0.0697 | Adaptive ECE: 0.0696 | OE: 0.0000
Epoch 114/200 | Train Loss: 2.0709 | Train Acc: 0.5556 | Val Acc: 0.6500 | ECE: 0.1014 | Adaptive ECE: 0.1010 | OE: 0.0000
Epoch 115/200 | Train Loss: 2.1409 | Train Acc: 0.5419 | Val Acc: 0.6552 | ECE: 0.0602 | Adaptive ECE: 0.0611 | OE: 0.0000
Epoch 116/200 | Train Loss: 2.1016 | Train Acc: 0.5497 | Val Acc: 0.6536 | ECE: 0.1314 | Adaptive ECE: 0.1314 | OE: 0.0000
Epoch 117/200 | Train Loss: 2.1135 | Train Acc: 0.5453 | Val Acc: 0.6404 | ECE: 0.0931 | Adaptive ECE: 0.0931 | OE: 0.0000
Epoch 118/200 | Train Loss: 2.2102 | Train Acc: 0.5269 | Val Acc: 0.6588 | ECE: 0.0902 | Adaptive ECE: 0.0902 | OE: 0.0000
Epoch 119/200 | Train Loss: 2.1582 | Train Acc: 0.5368 | Val Acc: 0.6222 | ECE: 0.0690 | Adaptive ECE: 0.0690 | OE: 0.0000
Epoch 120/200 | Train Loss: 2.1265 | Train Acc: 0.5441 | Val Acc: 0.6600 | ECE: 0.1093 | Adaptive ECE: 0.1091 | OE: 0.0000
Epoch 121/200 | Train Loss: 2.0053 | Train Acc: 0.5743 | Val Acc: 0.7180 | ECE: 0.1271 | Adaptive ECE: 0.1271 | OE: 0.0000
Epoch 122/200 | Train Loss: 1.7950 | Train Acc: 0.6245 | Val Acc: 0.7256 | ECE: 0.1158 | Adaptive ECE: 0.1153 | OE: 0.0000
Epoch 123/200 | Train Loss: 1.9316 | Train Acc: 0.5929 | Val Acc: 0.7092 | ECE: 0.1276 | Adaptive ECE: 0.1276 | OE: 0.0000
Epoch 124/200 | Train Loss: 1.9085 | Train Acc: 0.5980 | Val Acc: 0.7140 | ECE: 0.0945 | Adaptive ECE: 0.0943 | OE: 0.0001
Epoch 125/200 | Train Loss: 1.8964 | Train Acc: 0.6011 | Val Acc: 0.7134 | ECE: 0.1512 | Adaptive ECE: 0.1512 | OE: 0.0000
Epoch 126/200 | Train Loss: 1.8529 | Train Acc: 0.6116 | Val Acc: 0.7188 | ECE: 0.0826 | Adaptive ECE: 0.0824 | OE: 0.0000
Epoch 127/200 | Train Loss: 1.8398 | Train Acc: 0.6176 | Val Acc: 0.7012 | ECE: 0.0773 | Adaptive ECE: 0.0773 | OE: 0.0000
Epoch 128/200 | Train Loss: 1.9163 | Train Acc: 0.5942 | Val Acc: 0.7262 | ECE: 0.0920 | Adaptive ECE: 0.0909 | OE: 0.0001
Epoch 129/200 | Train Loss: 1.9256 | Train Acc: 0.5944 | Val Acc: 0.7122 | ECE: 0.1337 | Adaptive ECE: 0.1337 | OE: 0.0000
Epoch 130/200 | Train Loss: 1.8891 | Train Acc: 0.6074 | Val Acc: 0.7188 | ECE: 0.0998 | Adaptive ECE: 0.0998 | OE: 0.0000
Epoch 131/200 | Train Loss: 1.9291 | Train Acc: 0.5941 | Val Acc: 0.6986 | ECE: 0.0705 | Adaptive ECE: 0.0739 | OE: 0.0000
Epoch 132/200 | Train Loss: 1.8992 | Train Acc: 0.6004 | Val Acc: 0.6840 | ECE: 0.0927 | Adaptive ECE: 0.0927 | OE: 0.0000
Epoch 133/200 | Train Loss: 1.8929 | Train Acc: 0.5991 | Val Acc: 0.7096 | ECE: 0.0949 | Adaptive ECE: 0.0941 | OE: 0.0000
Epoch 134/200 | Train Loss: 1.9940 | Train Acc: 0.5759 | Val Acc: 0.6924 | ECE: 0.1000 | Adaptive ECE: 0.0992 | OE: 0.0000
Epoch 135/200 | Train Loss: 1.9423 | Train Acc: 0.5891 | Val Acc: 0.7042 | ECE: 0.1218 | Adaptive ECE: 0.1218 | OE: 0.0000
Epoch 136/200 | Train Loss: 1.8843 | Train Acc: 0.6064 | Val Acc: 0.6896 | ECE: 0.0436 | Adaptive ECE: 0.0428 | OE: 0.0019
Epoch 137/200 | Train Loss: 1.9015 | Train Acc: 0.6018 | Val Acc: 0.7048 | ECE: 0.1150 | Adaptive ECE: 0.1150 | OE: 0.0000
Epoch 138/200 | Train Loss: 1.9305 | Train Acc: 0.5946 | Val Acc: 0.7014 | ECE: 0.1167 | Adaptive ECE: 0.1167 | OE: 0.0000
Epoch 139/200 | Train Loss: 1.8808 | Train Acc: 0.6051 | Val Acc: 0.7072 | ECE: 0.0602 | Adaptive ECE: 0.0576 | OE: 0.0002
Epoch 140/200 | Train Loss: 1.9187 | Train Acc: 0.5948 | Val Acc: 0.7128 | ECE: 0.0754 | Adaptive ECE: 0.0754 | OE: 0.0000
Epoch 141/200 | Train Loss: 1.9012 | Train Acc: 0.6007 | Val Acc: 0.7078 | ECE: 0.0889 | Adaptive ECE: 0.0879 | OE: 0.0004
Epoch 142/200 | Train Loss: 1.9032 | Train Acc: 0.5990 | Val Acc: 0.7130 | ECE: 0.0814 | Adaptive ECE: 0.0821 | OE: 0.0000
Epoch 143/200 | Train Loss: 1.8945 | Train Acc: 0.6016 | Val Acc: 0.6938 | ECE: 0.0705 | Adaptive ECE: 0.0701 | OE: 0.0000
Epoch 144/200 | Train Loss: 1.9266 | Train Acc: 0.5941 | Val Acc: 0.7266 | ECE: 0.0740 | Adaptive ECE: 0.0729 | OE: 0.0004
Epoch 145/200 | Train Loss: 1.9083 | Train Acc: 0.5983 | Val Acc: 0.7066 | ECE: 0.0985 | Adaptive ECE: 0.0982 | OE: 0.0001
Epoch 146/200 | Train Loss: 1.9068 | Train Acc: 0.5985 | Val Acc: 0.6920 | ECE: 0.1227 | Adaptive ECE: 0.1227 | OE: 0.0000
Epoch 147/200 | Train Loss: 1.8897 | Train Acc: 0.6009 | Val Acc: 0.7140 | ECE: 0.0840 | Adaptive ECE: 0.0837 | OE: 0.0000
Epoch 148/200 | Train Loss: 1.9082 | Train Acc: 0.5967 | Val Acc: 0.7002 | ECE: 0.1060 | Adaptive ECE: 0.1059 | OE: 0.0000
Epoch 149/200 | Train Loss: 1.9646 | Train Acc: 0.5854 | Val Acc: 0.6944 | ECE: 0.0931 | Adaptive ECE: 0.0923 | OE: 0.0001
Epoch 150/200 | Train Loss: 1.9333 | Train Acc: 0.5918 | Val Acc: 0.7226 | ECE: 0.0935 | Adaptive ECE: 0.0935 | OE: 0.0000
Epoch 151/200 | Train Loss: 1.8339 | Train Acc: 0.6144 | Val Acc: 0.7000 | ECE: 0.0876 | Adaptive ECE: 0.0876 | OE: 0.0000
Epoch 152/200 | Train Loss: 1.8743 | Train Acc: 0.6073 | Val Acc: 0.7140 | ECE: 0.0541 | Adaptive ECE: 0.0532 | OE: 0.0001
Epoch 153/200 | Train Loss: 1.9003 | Train Acc: 0.6008 | Val Acc: 0.7034 | ECE: 0.1146 | Adaptive ECE: 0.1142 | OE: 0.0000
Epoch 154/200 | Train Loss: 1.8993 | Train Acc: 0.6002 | Val Acc: 0.6994 | ECE: 0.0958 | Adaptive ECE: 0.0958 | OE: 0.0000
Epoch 155/200 | Train Loss: 1.8451 | Train Acc: 0.6123 | Val Acc: 0.7038 | ECE: 0.0838 | Adaptive ECE: 0.0837 | OE: 0.0000
Epoch 156/200 | Train Loss: 1.8517 | Train Acc: 0.6109 | Val Acc: 0.7052 | ECE: 0.0897 | Adaptive ECE: 0.0892 | OE: 0.0000
Epoch 157/200 | Train Loss: 1.8985 | Train Acc: 0.5977 | Val Acc: 0.6950 | ECE: 0.1004 | Adaptive ECE: 0.0999 | OE: 0.0000
Epoch 158/200 | Train Loss: 1.8735 | Train Acc: 0.6067 | Val Acc: 0.6944 | ECE: 0.0653 | Adaptive ECE: 0.0640 | OE: 0.0006
Epoch 159/200 | Train Loss: 1.9431 | Train Acc: 0.5844 | Val Acc: 0.7088 | ECE: 0.1095 | Adaptive ECE: 0.1095 | OE: 0.0000
Epoch 160/200 | Train Loss: 1.8398 | Train Acc: 0.6139 | Val Acc: 0.7084 | ECE: 0.0686 | Adaptive ECE: 0.0686 | OE: 0.0000
Epoch 161/200 | Train Loss: 1.7493 | Train Acc: 0.6397 | Val Acc: 0.7576 | ECE: 0.0989 | Adaptive ECE: 0.0986 | OE: 0.0000
Epoch 162/200 | Train Loss: 1.6829 | Train Acc: 0.6518 | Val Acc: 0.7594 | ECE: 0.1067 | Adaptive ECE: 0.1067 | OE: 0.0000
Epoch 163/200 | Train Loss: 1.6392 | Train Acc: 0.6648 | Val Acc: 0.7636 | ECE: 0.0999 | Adaptive ECE: 0.0999 | OE: 0.0000
Epoch 164/200 | Train Loss: 1.6537 | Train Acc: 0.6559 | Val Acc: 0.7478 | ECE: 0.1187 | Adaptive ECE: 0.1182 | OE: 0.0000
Epoch 165/200 | Train Loss: 1.6638 | Train Acc: 0.6559 | Val Acc: 0.7668 | ECE: 0.0705 | Adaptive ECE: 0.0676 | OE: 0.0007
Epoch 166/200 | Train Loss: 1.6803 | Train Acc: 0.6510 | Val Acc: 0.7536 | ECE: 0.1026 | Adaptive ECE: 0.1020 | OE: 0.0000
Epoch 167/200 | Train Loss: 1.6550 | Train Acc: 0.6573 | Val Acc: 0.7500 | ECE: 0.0866 | Adaptive ECE: 0.0842 | OE: 0.0002
Epoch 168/200 | Train Loss: 1.6573 | Train Acc: 0.6574 | Val Acc: 0.7388 | ECE: 0.1305 | Adaptive ECE: 0.1297 | OE: 0.0003
Epoch 169/200 | Train Loss: 1.5963 | Train Acc: 0.6725 | Val Acc: 0.7472 | ECE: 0.0529 | Adaptive ECE: 0.0519 | OE: 0.0013
Epoch 170/200 | Train Loss: 1.6392 | Train Acc: 0.6632 | Val Acc: 0.7482 | ECE: 0.0632 | Adaptive ECE: 0.0636 | OE: 0.0013
Epoch 171/200 | Train Loss: 1.6302 | Train Acc: 0.6612 | Val Acc: 0.7408 | ECE: 0.1260 | Adaptive ECE: 0.1256 | OE: 0.0000
Epoch 172/200 | Train Loss: 1.6811 | Train Acc: 0.6535 | Val Acc: 0.7452 | ECE: 0.0921 | Adaptive ECE: 0.0921 | OE: 0.0000
Epoch 173/200 | Train Loss: 1.6339 | Train Acc: 0.6663 | Val Acc: 0.7476 | ECE: 0.0729 | Adaptive ECE: 0.0724 | OE: 0.0000
Epoch 174/200 | Train Loss: 1.6584 | Train Acc: 0.6542 | Val Acc: 0.7420 | ECE: 0.0869 | Adaptive ECE: 0.0853 | OE: 0.0001
Epoch 175/200 | Train Loss: 1.6103 | Train Acc: 0.6689 | Val Acc: 0.7268 | ECE: 0.0688 | Adaptive ECE: 0.0678 | OE: 0.0006
Epoch 176/200 | Train Loss: 1.6225 | Train Acc: 0.6672 | Val Acc: 0.7618 | ECE: 0.0506 | Adaptive ECE: 0.0451 | OE: 0.0015
Epoch 177/200 | Train Loss: 1.6670 | Train Acc: 0.6554 | Val Acc: 0.7204 | ECE: 0.0970 | Adaptive ECE: 0.0965 | OE: 0.0002
Epoch 178/200 | Train Loss: 1.6536 | Train Acc: 0.6583 | Val Acc: 0.7452 | ECE: 0.0806 | Adaptive ECE: 0.0792 | OE: 0.0002
Epoch 179/200 | Train Loss: 1.7207 | Train Acc: 0.6381 | Val Acc: 0.7446 | ECE: 0.0442 | Adaptive ECE: 0.0432 | OE: 0.0034
Epoch 180/200 | Train Loss: 1.6218 | Train Acc: 0.6643 | Val Acc: 0.7500 | ECE: 0.0464 | Adaptive ECE: 0.0428 | OE: 0.0036
Epoch 181/200 | Train Loss: 1.6752 | Train Acc: 0.6502 | Val Acc: 0.7408 | ECE: 0.0777 | Adaptive ECE: 0.0771 | OE: 0.0002
Epoch 182/200 | Train Loss: 1.6179 | Train Acc: 0.6668 | Val Acc: 0.7306 | ECE: 0.1280 | Adaptive ECE: 0.1270 | OE: 0.0004
Epoch 183/200 | Train Loss: 1.6526 | Train Acc: 0.6555 | Val Acc: 0.7412 | ECE: 0.0749 | Adaptive ECE: 0.0733 | OE: 0.0002
Epoch 184/200 | Train Loss: 1.6987 | Train Acc: 0.6421 | Val Acc: 0.7404 | ECE: 0.1022 | Adaptive ECE: 0.1022 | OE: 0.0000
Epoch 185/200 | Train Loss: 1.7046 | Train Acc: 0.6410 | Val Acc: 0.7410 | ECE: 0.0654 | Adaptive ECE: 0.0634 | OE: 0.0007
Epoch 186/200 | Train Loss: 1.7248 | Train Acc: 0.6384 | Val Acc: 0.7434 | ECE: 0.1344 | Adaptive ECE: 0.1339 | OE: 0.0001
Epoch 187/200 | Train Loss: 1.6083 | Train Acc: 0.6672 | Val Acc: 0.7362 | ECE: 0.0643 | Adaptive ECE: 0.0648 | OE: 0.0003
Epoch 188/200 | Train Loss: 1.6964 | Train Acc: 0.6415 | Val Acc: 0.7184 | ECE: 0.0797 | Adaptive ECE: 0.0788 | OE: 0.0008
Epoch 189/200 | Train Loss: 1.6789 | Train Acc: 0.6443 | Val Acc: 0.7248 | ECE: 0.0806 | Adaptive ECE: 0.0794 | OE: 0.0004
Epoch 190/200 | Train Loss: 1.6402 | Train Acc: 0.6594 | Val Acc: 0.7282 | ECE: 0.0987 | Adaptive ECE: 0.0987 | OE: 0.0000
Epoch 191/200 | Train Loss: 1.6566 | Train Acc: 0.6530 | Val Acc: 0.7272 | ECE: 0.1198 | Adaptive ECE: 0.1195 | OE: 0.0000
Epoch 192/200 | Train Loss: 1.6792 | Train Acc: 0.6466 | Val Acc: 0.7352 | ECE: 0.0684 | Adaptive ECE: 0.0668 | OE: 0.0004
Epoch 193/200 | Train Loss: 1.7010 | Train Acc: 0.6425 | Val Acc: 0.7212 | ECE: 0.0922 | Adaptive ECE: 0.0915 | OE: 0.0002
Epoch 194/200 | Train Loss: 1.6743 | Train Acc: 0.6505 | Val Acc: 0.7404 | ECE: 0.0965 | Adaptive ECE: 0.0953 | OE: 0.0001
Epoch 195/200 | Train Loss: 1.6983 | Train Acc: 0.6497 | Val Acc: 0.7372 | ECE: 0.0559 | Adaptive ECE: 0.0550 | OE: 0.0001
Epoch 196/200 | Train Loss: 1.7000 | Train Acc: 0.6414 | Val Acc: 0.7380 | ECE: 0.0980 | Adaptive ECE: 0.0980 | OE: 0.0000
Epoch 197/200 | Train Loss: 1.6920 | Train Acc: 0.6473 | Val Acc: 0.7396 | ECE: 0.1026 | Adaptive ECE: 0.1026 | OE: 0.0000
Epoch 198/200 | Train Loss: 1.6448 | Train Acc: 0.6549 | Val Acc: 0.7332 | ECE: 0.0697 | Adaptive ECE: 0.0692 | OE: 0.0013
Epoch 199/200 | Train Loss: 1.6836 | Train Acc: 0.6475 | Val Acc: 0.7388 | ECE: 0.0498 | Adaptive ECE: 0.0453 | OE: 0.0012
Epoch 200/200 | Train Loss: 1.6569 | Train Acc: 0.6508 | Val Acc: 0.7282 | ECE: 0.0741 | Adaptive ECE: 0.0698 | OE: 0.0012
Training Complete! Loading resnet34 model... 

ECE before calibration: 0.0564
Adaptive ECE before calibration: 0.0552
Overconfidence Error before calibration: 0.0002
Optimized Temperature: 0.9325
ECE after Temperature Scaling: 0.0382
Adaptive ECE after Temperature Scaling: 0.0344
Overconfidence Error after Temperature Scaling: 0.0072
ResNet34 training complete!
