Using device: cuda
Files already downloaded and verified
Let's use 1 GPUs!
LeNetCIFAR100(
  (conv1): Conv2d(3, 6, kernel_size=(5, 5), stride=(1, 1))
  (pool): MaxPool2d(kernel_size=2, stride=2, padding=0, dilation=1, ceil_mode=False)
  (conv2): Conv2d(6, 16, kernel_size=(5, 5), stride=(1, 1))
  (fc1): Linear(in_features=400, out_features=120, bias=True)
  (fc2): Linear(in_features=120, out_features=84, bias=True)
  (fc3): Linear(in_features=84, out_features=100, bias=True)
)
Training lenet_pretrained for 300 epochs
Training
Evaluating
Epoch = 1 lr = 0.1 New best error: 0.9885
Training
Evaluating
Epoch = 2 lr = 0.1 New best error: 0.9870
Training
Evaluating
Training
Evaluating
Epoch = 4 lr = 0.1 New best error: 0.9864
Training
Evaluating
Training
Evaluating
Training
Evaluating
Epoch = 7 lr = 0.1 New best error: 0.9848
Training
Evaluating
Training
Evaluating
Training
Evaluating
Training
Evaluating
Training
Evaluating
Training
Evaluating
Training
Evaluating
Training
Evaluating
Training
Evaluating
Training
Evaluating
Training
Evaluating
Training
Evaluating
Training
Evaluating
Training
Evaluating
Epoch = 21 lr = 0.1 New best error: 0.9842
Training
Evaluating
Training
Evaluating
Training
Evaluating
Training
Evaluating
Training
Evaluating
Training
Evaluating
Training
Evaluating
Training
Evaluating
Training
Evaluating
Training
Evaluating
Training
Evaluating
Training
Evaluating
Training
Evaluating
Training
Evaluating
Training
Evaluating
Training
Evaluating
Training
Evaluating
Training
Evaluating
Training
Evaluating
Training
Evaluating
Training
Evaluating
Training
Evaluating
Training
Evaluating
Training
Evaluating
Training
Evaluating
Training
Evaluating
Training
Evaluating
Training
Evaluating
Training
Evaluating
Training
Evaluating
Training
Evaluating
Training
Evaluating
Training
Evaluating
Training
Evaluating
Epoch = 55 lr = 0.1 New best error: 0.9841
Training
Evaluating
Training
Evaluating
Training
Evaluating
Training
Evaluating
Training
Evaluating
Epoch = 60 lr = 0.1 New best error: 0.9840
Training
Evaluating
Training
Evaluating
Training
Evaluating
Training
Evaluating
Training
Evaluating
Training
Evaluating
Training
Evaluating
Training
Evaluating
Training
Evaluating
Training
Evaluating
Training
Evaluating
Training
Evaluating
Training
Evaluating
Training
Evaluating
Training
Evaluating
Training
Evaluating
Training
Evaluating
Training
Evaluating
Training
Evaluating
Training
Evaluating
Training
Evaluating
Training
Evaluating
Training
Evaluating
Training
Evaluating
Training
Evaluating
Epoch = 85 lr = 0.1 New best error: 0.9838
Training
Evaluating
Training
Evaluating
Training
Evaluating
Training
Evaluating
Training
Evaluating
Training
Evaluating
Training
Evaluating
Training
Evaluating
Training
Evaluating
Training
Evaluating
Training
Evaluating
Training
Evaluating
Training
Evaluating
Training
Evaluating
Training
Evaluating
Training
Evaluating
Training
Evaluating
Training
Evaluating
Training
Evaluating
Training
Evaluating
Training
Evaluating
Training
Evaluating
Training
Evaluating
Training
Evaluating
Training
Evaluating
Training
Evaluating
Training
Evaluating
Training
Evaluating
Training
Evaluating
Training
Evaluating
Training
Evaluating
Training
Evaluating
Training
Evaluating
Training
Evaluating
Training
Evaluating
Training
Evaluating
Training
Evaluating
Training
Evaluating
Training
Evaluating
Training
Evaluating
Training
Evaluating
Training
Evaluating
Training
Evaluating
Training
Evaluating
Training
Evaluating
Training
Evaluating
Training
Evaluating
Training
Evaluating
Training
Evaluating
Training
Evaluating
Training
Evaluating
Training
Evaluating
Training
Evaluating
Training
Evaluating
Training
Evaluating
Training
Evaluating
Training
Evaluating
Training
Evaluating
Training
Evaluating
Training
Evaluating
Training
Evaluating
Training
Evaluating
Training
Evaluating
Training
Evaluating
Training
Evaluating
Epoch = 150 lr = 0.1 New best error: 0.9837
Training
Evaluating
Epoch = 151 lr = 0.1 New best error: 0.9833
Training
Evaluating
Training
Evaluating
Epoch = 153 lr = 0.1 New best error: 0.9831
Training
Evaluating
Training
Evaluating
Training
Evaluating
Epoch = 156 lr = 0.1 New best error: 0.9828
Training
Evaluating
Training
Evaluating
Training
Evaluating
Training
Evaluating
Training
Evaluating
Training
Evaluating
Training
Evaluating
Training
Evaluating
Training
Evaluating
Training
Evaluating
Training
Evaluating
Epoch = 167 lr = 0.1 New best error: 0.9827
Training
Evaluating
Training
Evaluating
Training
Evaluating
Training
Evaluating
Epoch = 171 lr = 0.1 New best error: 0.9824
Training
Evaluating
Training
Evaluating
Training
Evaluating
Training
Evaluating
Training
Evaluating
Training
Evaluating
Training
Evaluating
Training
Evaluating
Training
Evaluating
Training
Evaluating
Training
Evaluating
Training
Evaluating
Training
Evaluating
Training
Evaluating
Training
Evaluating
Training
Evaluating
Training
Evaluating
Training
Evaluating
Training
Evaluating
Training
Evaluating
Training
Evaluating
Training
Evaluating
Training
Evaluating
Training
Evaluating
Training
Evaluating
Training
Evaluating
Training
Evaluating
Training
Evaluating
Training
Evaluating
Training
Evaluating
Training
Evaluating
Training
Evaluating
Training
Evaluating
Training
Evaluating
Training
Evaluating
Training
Evaluating
Training
Evaluating
Training
Evaluating
Training
Evaluating
Training
Evaluating
Training
Evaluating
Training
Evaluating
Training
Evaluating
Training
Evaluating
Training
Evaluating
Training
Evaluating
Training
Evaluating
Training
Evaluating
Training
Evaluating
Training
Evaluating
Training
Evaluating
Training
Evaluating
Training
Evaluating
Training
Evaluating
Training
Evaluating
Training
Evaluating
Training
Evaluating
Training
Evaluating
Training
Evaluating
Training
Evaluating
Training
Evaluating
Training
Evaluating
Training
Evaluating
Training
Evaluating
Training
Evaluating
Training
Evaluating
Epoch = 237 lr = 0.1 New best error: 0.9822
Training
Evaluating
Training
Evaluating
Training
Evaluating
Training
Evaluating
Training
Evaluating
Epoch = 242 lr = 0.1 New best error: 0.9820
Training
Evaluating
Training
Evaluating
Training
Evaluating
Training
Evaluating
Training
Evaluating
Training
Evaluating
Training
Evaluating
Training
Evaluating
Training
Evaluating
Training
Evaluating
Training
Evaluating
Training
Evaluating
Training
Evaluating
Training
Evaluating
Training
Evaluating
Training
Evaluating
Training
Evaluating
Training
Evaluating
Training
Evaluating
Training
Evaluating
Training
Evaluating
Training
Evaluating
Training
Evaluating
Training
Evaluating
Training
Evaluating
Training
Evaluating
Training
Evaluating
Training
Evaluating
Training
Evaluating
Training
Evaluating
Training
Evaluating
Training
Evaluating
Training
Evaluating
Training
Evaluating
Training
Evaluating
Training
Evaluating
Training
Evaluating
Training
Evaluating
Training
Evaluating
Training
Evaluating
Training
Evaluating
Training
Evaluating
Training
Evaluating
Training
Evaluating
Training
Evaluating
Training
Evaluating
Training
Evaluating
Training
Evaluating
Training
Evaluating
Training
Evaluating
Training
Evaluating
Training
Evaluating
Training
Evaluating
Training
Evaluating
Training
Evaluating
Training
Evaluating
Epoch = 298 lr = 0.1 New best error: 0.9819
Training
Evaluating
Training
Evaluating
Done!
