Using device: cuda
Files already downloaded and verified
Let's use 1 GPUs!
VGG16CIFAR100(
  (features): Sequential(
    (0): Conv2d(3, 64, kernel_size=(3, 3), stride=(1, 1), padding=(1, 1))
    (1): ReLU(inplace=True)
    (2): Conv2d(64, 64, kernel_size=(3, 3), stride=(1, 1), padding=(1, 1))
    (3): ReLU(inplace=True)
    (4): MaxPool2d(kernel_size=2, stride=2, padding=0, dilation=1, ceil_mode=False)
    (5): Conv2d(64, 128, kernel_size=(3, 3), stride=(1, 1), padding=(1, 1))
    (6): ReLU(inplace=True)
    (7): Conv2d(128, 128, kernel_size=(3, 3), stride=(1, 1), padding=(1, 1))
    (8): ReLU(inplace=True)
    (9): MaxPool2d(kernel_size=2, stride=2, padding=0, dilation=1, ceil_mode=False)
    (10): Conv2d(128, 256, kernel_size=(3, 3), stride=(1, 1), padding=(1, 1))
    (11): ReLU(inplace=True)
    (12): Conv2d(256, 256, kernel_size=(3, 3), stride=(1, 1), padding=(1, 1))
    (13): ReLU(inplace=True)
    (14): Conv2d(256, 256, kernel_size=(3, 3), stride=(1, 1), padding=(1, 1))
    (15): ReLU(inplace=True)
    (16): MaxPool2d(kernel_size=2, stride=2, padding=0, dilation=1, ceil_mode=False)
    (17): Conv2d(256, 512, kernel_size=(3, 3), stride=(1, 1), padding=(1, 1))
    (18): ReLU(inplace=True)
    (19): Conv2d(512, 512, kernel_size=(3, 3), stride=(1, 1), padding=(1, 1))
    (20): ReLU(inplace=True)
    (21): Conv2d(512, 512, kernel_size=(3, 3), stride=(1, 1), padding=(1, 1))
    (22): ReLU(inplace=True)
    (23): MaxPool2d(kernel_size=2, stride=2, padding=0, dilation=1, ceil_mode=False)
    (24): Conv2d(512, 512, kernel_size=(3, 3), stride=(1, 1), padding=(1, 1))
    (25): ReLU(inplace=True)
    (26): Conv2d(512, 512, kernel_size=(3, 3), stride=(1, 1), padding=(1, 1))
    (27): ReLU(inplace=True)
    (28): Conv2d(512, 512, kernel_size=(3, 3), stride=(1, 1), padding=(1, 1))
    (29): ReLU(inplace=True)
    (30): MaxPool2d(kernel_size=2, stride=2, padding=0, dilation=1, ceil_mode=False)
  )
  (classifier): Sequential(
    (0): Linear(in_features=512, out_features=512, bias=True)
    (1): ReLU(inplace=True)
    (2): Dropout(p=0.5, inplace=False)
    (3): Linear(in_features=512, out_features=512, bias=True)
    (4): ReLU(inplace=True)
    (5): Dropout(p=0.5, inplace=False)
    (6): Linear(in_features=512, out_features=100, bias=True)
  )
)
Training vgg16_pretrained for 300 epochs
Training
Evaluating
Epoch = 1 lr = 0.1 New best error: 0.9858
Training
Evaluating
Epoch = 2 lr = 0.1 New best error: 0.9830
Training
Evaluating
Epoch = 3 lr = 0.1 New best error: 0.9820
Training
Evaluating
Training
Evaluating
Epoch = 5 lr = 0.1 New best error: 0.9814
Training
Evaluating
Training
Evaluating
Epoch = 7 lr = 0.1 New best error: 0.9809
Training
Evaluating
Training
Evaluating
Training
Evaluating
Training
Evaluating
Epoch = 11 lr = 0.1 New best error: 0.9800
Training
Evaluating
Training
Evaluating
Epoch = 13 lr = 0.1 New best error: 0.9796
Training
Evaluating
Training
Evaluating
Training
Evaluating
Training
Evaluating
Training
Evaluating
Training
Evaluating
Training
Evaluating
Training
Evaluating
Training
Evaluating
Training
Evaluating
Training
Evaluating
Training
Evaluating
Epoch = 25 lr = 0.1 New best error: 0.9795
Training
Evaluating
Training
Evaluating
Training
Evaluating
Training
Evaluating
Epoch = 29 lr = 0.1 New best error: 0.9784
Training
Evaluating
Training
Evaluating
Training
Evaluating
Training
Evaluating
Training
Evaluating
Training
Evaluating
Training
Evaluating
Training
Evaluating
Training
Evaluating
Training
Evaluating
Training
Evaluating
Training
Evaluating
Epoch = 41 lr = 0.1 New best error: 0.9784
Training
Evaluating
Training
Evaluating
Training
Evaluating
Epoch = 44 lr = 0.1 New best error: 0.9783
Training
Evaluating
Training
Evaluating
Training
Evaluating
Training
Evaluating
Training
Evaluating
Training
Evaluating
Training
Evaluating
Training
Evaluating
Training
Evaluating
Training
Evaluating
Training
Evaluating
Training
Evaluating
Training
Evaluating
Training
Evaluating
Training
Evaluating
Training
Evaluating
Training
Evaluating
Training
Evaluating
Training
Evaluating
Training
Evaluating
Training
Evaluating
Training
Evaluating
Training
Evaluating
Training
Evaluating
Training
Evaluating
Training
Evaluating
Training
Evaluating
Training
Evaluating
Training
Evaluating
Training
Evaluating
Training
Evaluating
Training
Evaluating
Training
Evaluating
Training
Evaluating
Training
Evaluating
Training
Evaluating
Training
Evaluating
Training
Evaluating
Training
Evaluating
Training
Evaluating
Training
Evaluating
Training
Evaluating
Training
Evaluating
Training
Evaluating
Training
Evaluating
Training
Evaluating
Training
Evaluating
Training
Evaluating
Training
Evaluating
Training
Evaluating
Training
Evaluating
Training
Evaluating
Training
Evaluating
Training
Evaluating
Training
Evaluating
Training
Evaluating
Training
Evaluating
Training
Evaluating
Training
Evaluating
Training
Evaluating
Training
Evaluating
Training
Evaluating
Training
Evaluating
Training
Evaluating
Training
Evaluating
Training
Evaluating
Training
Evaluating
Training
Evaluating
Training
Evaluating
Epoch = 113 lr = 0.1 New best error: 0.9779
Training
Evaluating
Training
Evaluating
Training
Evaluating
Training
Evaluating
Training
Evaluating
Training
Evaluating
Training
Evaluating
Training
Evaluating
Training
Evaluating
Training
Evaluating
Training
Evaluating
Training
Evaluating
Training
Evaluating
Training
Evaluating
Training
Evaluating
Training
Evaluating
Training
Evaluating
Training
Evaluating
Training
Evaluating
Training
Evaluating
Training
Evaluating
Training
Evaluating
Training
Evaluating
Training
Evaluating
Training
Evaluating
Training
Evaluating
Training
Evaluating
Training
Evaluating
Training
Evaluating
Training
Evaluating
Training
Evaluating
Training
Evaluating
Training
Evaluating
Training
Evaluating
Training
Evaluating
Training
Evaluating
Training
Evaluating
Training
Evaluating
Training
Evaluating
Training
Evaluating
Training
Evaluating
Training
Evaluating
Training
Evaluating
Training
Evaluating
Training
Evaluating
Training
Evaluating
Training
Evaluating
Training
Evaluating
Training
Evaluating
Training
Evaluating
Training
Evaluating
Training
Evaluating
Epoch = 165 lr = 0.1 New best error: 0.9774
Training
Evaluating
Training
Evaluating
Training
Evaluating
Training
Evaluating
Training
Evaluating
Training
Evaluating
Training
Evaluating
Training
Evaluating
Training
Evaluating
Training
Evaluating
Training
Evaluating
Training
Evaluating
Training
Evaluating
Training
Evaluating
Training
Evaluating
Training
Evaluating
Training
Evaluating
Training
Evaluating
Training
Evaluating
Training
Evaluating
Training
Evaluating
Training
Evaluating
Training
Evaluating
Training
Evaluating
Training
Evaluating
Training
Evaluating
Training
Evaluating
Training
Evaluating
Training
Evaluating
Training
Evaluating
Training
Evaluating
Training
Evaluating
Training
Evaluating
Training
Evaluating
Training
Evaluating
Training
Evaluating
Training
Evaluating
Training
Evaluating
Epoch = 203 lr = 0.1 New best error: 0.9773
Training
Evaluating
Training
Evaluating
Training
Evaluating
Training
Evaluating
Training
Evaluating
Training
Evaluating
Training
Evaluating
Training
Evaluating
Training
Evaluating
Training
Evaluating
Training
Evaluating
Training
Evaluating
Training
Evaluating
Training
Evaluating
Training
Evaluating
Training
Evaluating
Training
Evaluating
Training
Evaluating
Training
Evaluating
Training
Evaluating
Training
Evaluating
Training
Evaluating
Training
Evaluating
Training
Evaluating
Training
Evaluating
Training
Evaluating
Training
Evaluating
Training
Evaluating
Training
Evaluating
Training
Evaluating
Training
Evaluating
Training
Evaluating
Training
Evaluating
Training
Evaluating
Epoch = 237 lr = 0.1 New best error: 0.9770
Training
Evaluating
Training
Evaluating
Training
Evaluating
Training
Evaluating
Training
Evaluating
Training
Evaluating
Training
Evaluating
Training
Evaluating
Training
Evaluating
Training
Evaluating
Training
Evaluating
Training
Evaluating
Training
Evaluating
Training
Evaluating
Training
Evaluating
Training
Evaluating
Training
Evaluating
Training
Evaluating
Training
Evaluating
Training
Evaluating
Training
Evaluating
Training
Evaluating
Training
Evaluating
Training
Evaluating
Training
Evaluating
Training
Evaluating
Training
Evaluating
Training
Evaluating
Training
Evaluating
Training
Evaluating
Training
Evaluating
Training
Evaluating
Training
Evaluating
Training
Evaluating
Training
Evaluating
Training
Evaluating
Training
Evaluating
Training
Evaluating
Training
Evaluating
Training
Evaluating
Training
Evaluating
Training
Evaluating
Training
Evaluating
Training
Evaluating
Training
Evaluating
Training
Evaluating
Training
Evaluating
Training
Evaluating
Training
Evaluating
Training
Evaluating
Training
Evaluating
Training
Evaluating
Training
Evaluating
Training
Evaluating
Training
Evaluating
Training
Evaluating
Training
Evaluating
Training
Evaluating
Training
Evaluating
Training
Evaluating
Training
Evaluating
Training
Evaluating
Training
Evaluating
Done!
